Animal was placed on: (2,2)
 y\x  1 2 3 4 5 6 7 8 910
 11: ---------------------
 10: | |*| | | | | | | |*|
  9: | | | | | |*| | | | |
  8: | | | | | | | | | | |
  7: | | | | |*| |*| | | |
  6: | | | | | | | |*| | |
  5: | | | | | |*| | |*| |
  4: | | | | | | | | | | |
  3: | | | | | | | | | | |
  2: | |N| | | | | | | | |
  1: |*| | | | | |*| | | |
  0: ---------------------

Animal was placed on: (6,3)
 y\x  1 2 3 4 5 6 7 8 910
 11: ---------------------
 10: | |*| | | | | | | |*|
  9: | | | | | |*| | | | |
  8: | | | | | | | | | | |
  7: | | | | |*| |*| | | |
  6: | | | | | | | |*| | |
  5: | | | | | |*| | |*| |
  4: | | | | | | | | | | |
  3: | | | | | |N| | | | |
  2: | |N| | | | | | | | |
  1: |*| | | | | |*| | | |
  0: ---------------------

Animal was moved from (2,2) to (2,3)
 y\x  1 2 3 4 5 6 7 8 910
 11: ---------------------
 10: | |*| | | | | | | |*|
  9: | | | | | |*| | | | |
  8: | | | | | | | | | | |
  7: | | | | |*| |*| | | |
  6: | | | | | | | |*| | |
  5: | | | | | |*| | |*| |
  4: | | | | | | | | | | |
  3: | |N| | | |N| | | | |
  2: | | | | | | | | | | |
  1: |*| | | | | |*| | | |
  0: ---------------------

Animal was moved from (6,3) to (6,4)
 y\x  1 2 3 4 5 6 7 8 910
 11: ---------------------
 10: | |*| | | | | | | |*|
  9: | | | | | |*| | | | |
  8: | | | | | | | | | | |
  7: | | | | |*| |*| | | |
  6: | | | | | | | |*| | |
  5: | | | | | |*| | |*| |
  4: | | | | | |N| | | | |
  3: | |N| | | | | | | | |
  2: | | | | | | | | | | |
  1: |*| | | | | |*| | | |
  0: ---------------------

Animal was moved from (2,3) to (2,4)
 y\x  1 2 3 4 5 6 7 8 910
 11: ---------------------
 10: | |*| | | | | | | |*|
  9: | | | | | |*| | | | |
  8: | | | | | | | | | | |
  7: | | | | |*| |*| | | |
  6: | | | | | | | |*| | |
  5: | | | | | |*| | |*| |
  4: | |N| | | |N| | | | |
  3: | | | | | | | | | | |
  2: | | | | | | | | | | |
  1: |*| | | | | |*| | | |
  0: ---------------------

Animal was moved from (6,4) to (6,5)
 y\x  1 2 3 4 5 6 7 8 910
 11: ---------------------
 10: | |*| | | | | | | |*|
  9: | | | | | |*| | | | |
  8: | | | | | | | | | | |
  7: | | | | |*| |*| | | |
  6: | | | | | | | |*| | |
  5: | | | | | |N| | |*| |
  4: | |N| | | | | | | | |
  3: | | | | | | | | | | |
  2: | | | | | | | | | | |
  1: |*| | | | | |*| | | |
  0: ---------------------

Animal was moved from (2,4) to (2,5)
 y\x  1 2 3 4 5 6 7 8 910
 11: ---------------------
 10: | |*| | | | | | | |*|
  9: | | | | | |*| | | | |
  8: | | | | | | | | | | |
  7: | | | | |*| |*| | | |
  6: | | | | | | | |*| | |
  5: | |N| | | |N| | |*| |
  4: | | | | | | | | | | |
  3: | | | | | | | | | | |
  2: | | | | | | | | | | |
  1: |*| | | | | |*| | | |
  0: ---------------------

